2999-12-31 00:17:42,482 INFO StartingRegister: 32768 NumberOfRegister: 100 SlaveID: 81
2999-12-31 00:17:42,482 INFO StatusOn: False
2999-12-31 00:17:42,482 INFO [5120, 17991, 0, 17348, 81, 0, 40, 7, 6, 19, 2, 16, 2, 255, 27, 1, 16, 16, 4, 0, 16959, 15, 2, 0, 0, 0, 0, 0, 0, 0, 0, 0, 0, 0, 0, 0, 0, 0, 0, 0, 20739, 51220, 70, 18176, 67, 50176, 20736, 0, 10240, 1792, 1536, 4864, 512, 4096, 512, 65280, 6912, 256, 4096, 4096, 1024, 66, 16128, 3840, 512, 0, 0, 0, 0, 0, 0, 0, 0, 0, 0, 0, 0, 0, 0, 0, 0, 81, 968, 5120, 17991, 0, 17348, 81, 0, 40, 7, 6, 19, 2, 16, 2, 255, 27, 1, 16]
2999-12-31 00:18:00,264 INFO StartingRegister: 32768 NumberOfRegister: 100 SlaveID: 81
2999-12-31 00:18:00,264 INFO StatusOn: False
2999-12-31 00:18:00,264 INFO [5120, 17991, 0, 17348, 81, 0, 58, 7, 6, 19, 2, 16, 2, 255, 27, 1, 16, 16, 4, 0, 16959, 15, 2, 0, 0, 0, 0, 0, 0, 0, 0, 0, 0, 0, 0, 0, 0, 0, 0, 0, 20739, 51220, 70, 18176, 67, 50176, 20736, 0, 14848, 1792, 1536, 4864, 512, 4096, 512, 65280, 6912, 256, 4096, 4096, 1024, 66, 16128, 3840, 512, 0, 0, 0, 0, 0, 0, 0, 0, 0, 0, 0, 0, 0, 0, 0, 0, 81, 968, 5120, 17991, 0, 17348, 81, 0, 58, 7, 6, 19, 2, 16, 2, 255, 27, 1, 16]
2999-12-31 00:18:07,545 INFO StartingRegister: 32768 NumberOfRegister: 100 SlaveID: 81
2999-12-31 00:18:07,545 INFO StatusOn: False
2999-12-31 00:18:07,545 INFO [5120, 17991, 0, 17348, 81, 0, 5, 8, 6, 19, 2, 16, 2, 255, 27, 1, 16, 16, 4, 0, 16959, 15, 2, 0, 0, 0, 0, 0, 0, 0, 0, 0, 0, 0, 0, 0, 0, 0, 0, 0, 20739, 51220, 70, 18176, 67, 50176, 20736, 0, 1280, 2048, 1536, 4864, 512, 4096, 512, 65280, 6912, 256, 4096, 4096, 1024, 66, 16128, 3840, 512, 0, 0, 0, 0, 0, 0, 0, 0, 0, 0, 0, 0, 0, 0, 0, 0, 81, 968, 5120, 17991, 0, 17348, 81, 0, 5, 8, 6, 19, 2, 16, 2, 255, 27, 1, 16]
2999-12-31 00:18:14,170 INFO StartingRegister: 32768 NumberOfRegister: 100 SlaveID: 81
2999-12-31 00:18:14,170 INFO StatusOn: False
2999-12-31 00:18:14,170 INFO [5120, 17991, 0, 17348, 81, 0, 11, 8, 6, 19, 2, 16, 2, 255, 27, 1, 16, 16, 4, 0, 16959, 15, 2, 0, 0, 0, 0, 0, 0, 0, 0, 0, 0, 0, 0, 0, 0, 0, 0, 0, 20739, 51220, 70, 18176, 67, 50176, 20736, 0, 2816, 2048, 1536, 4864, 512, 4096, 512, 65280, 6912, 256, 4096, 4096, 1024, 66, 16128, 3840, 512, 0, 0, 0, 0, 0, 0, 0, 0, 0, 0, 0, 0, 0, 0, 0, 0, 81, 968, 5120, 17991, 0, 17348, 81, 0, 11, 8, 6, 19, 2, 16, 2, 255, 27, 1, 16]
2999-12-31 00:18:19,623 INFO StartingRegister: 32768 NumberOfRegister: 100 SlaveID: 81
2999-12-31 00:18:19,623 INFO StatusOn: False
2999-12-31 00:18:19,623 INFO [5120, 17991, 0, 17348, 81, 0, 17, 8, 6, 19, 2, 16, 2, 255, 27, 1, 16, 16, 4, 0, 16959, 15, 2, 0, 0, 0, 0, 0, 0, 0, 0, 0, 0, 0, 0, 0, 0, 0, 0, 0, 20739, 51220, 70, 18176, 67, 50176, 20736, 0, 4352, 2048, 1536, 4864, 512, 4096, 512, 65280, 6912, 256, 4096, 4096, 1024, 66, 16128, 3840, 512, 0, 0, 0, 0, 0, 0, 0, 0, 0, 0, 0, 0, 0, 0, 0, 0, 81, 968, 5120, 17991, 0, 17348, 81, 0, 17, 8, 6, 19, 2, 16, 2, 255, 27, 1, 16]
2999-12-31 00:18:26,045 INFO StartingRegister: 32768 NumberOfRegister: 100 SlaveID: 81
2999-12-31 00:18:26,045 INFO StatusOn: False
2999-12-31 00:18:26,045 INFO [5120, 17991, 0, 17348, 81, 0, 23, 8, 6, 19, 2, 16, 2, 255, 27, 1, 16, 16, 4, 0, 16959, 15, 2, 0, 0, 0, 0, 0, 0, 0, 0, 0, 0, 0, 0, 0, 0, 0, 0, 0, 20739, 51220, 70, 18176, 67, 50176, 20736, 0, 5888, 2048, 1536, 4864, 512, 4096, 512, 65280, 6912, 256, 4096, 4096, 1024, 66, 16128, 3840, 512, 0, 0, 0, 0, 0, 0, 0, 0, 0, 0, 0, 0, 0, 0, 0, 0, 81, 968, 5120, 17991, 0, 17348, 81, 0, 23, 8, 6, 19, 2, 16, 2, 255, 27, 1, 16]
2999-12-31 00:18:32,436 INFO StartingRegister: 32768 NumberOfRegister: 100 SlaveID: 81
2999-12-31 00:18:32,436 INFO StatusOn: False
2999-12-31 00:18:32,436 INFO [5120, 17991, 0, 17348, 81, 0, 30, 8, 6, 19, 2, 16, 2, 255, 27, 1, 16, 16, 4, 0, 16959, 15, 2, 0, 0, 0, 0, 0, 0, 0, 0, 0, 0, 0, 0, 0, 0, 0, 0, 0, 20739, 51220, 70, 18176, 67, 50176, 20736, 0, 7680, 2048, 1536, 4864, 512, 4096, 512, 65280, 6912, 256, 4096, 4096, 1024, 66, 16128, 3840, 512, 0, 0, 0, 0, 0, 0, 0, 0, 0, 0, 0, 0, 0, 0, 0, 0, 81, 968, 5120, 17991, 0, 17348, 81, 0, 30, 8, 6, 19, 2, 16, 2, 255, 27, 1, 16]
2999-12-31 00:19:21,942 INFO StartingRegister: 32768 NumberOfRegister: 100 SlaveID: 81
2999-12-31 00:19:21,942 INFO StatusOn: True
2999-12-31 00:19:21,942 INFO [5120, 17991, 0, 17348, 81, 0, 19, 9, 6, 19, 2, 16, 2, 255, 27, 1, 16, 16, 4, 0, 16959, 15, 2, 0, 0, 0, 0, 0, 0, 0, 0, 0, 0, 0, 0, 0, 0, 0, 0, 0, 20739, 51220, 70, 18176, 67, 50176, 20736, 0, 4864, 2304, 1536, 4864, 512, 4096, 512, 65280, 6912, 256, 4096, 4096, 1024, 66, 16128, 3840, 512, 0, 0, 0, 0, 0, 0, 0, 0, 0, 0, 0, 0, 0, 0, 0, 0, 81, 968, 5120, 17991, 0, 17348, 81, 0, 19, 9, 6, 19, 2, 16, 2, 255, 27, 1, 16]
2999-12-31 00:19:33,708 INFO StartingRegister: 32768 NumberOfRegister: 100 SlaveID: 81
2999-12-31 00:19:33,708 INFO StatusOn: True
2999-12-31 00:19:33,708 INFO [5120, 17991, 0, 17348, 81, 0, 31, 9, 6, 19, 2, 16, 2, 255, 27, 1, 16, 16, 4, 0, 16959, 15, 2, 0, 0, 0, 0, 0, 0, 0, 0, 0, 0, 0, 0, 0, 0, 0, 0, 0, 20739, 51220, 70, 18176, 67, 50176, 20736, 0, 7936, 2304, 1536, 4864, 512, 4096, 512, 65280, 6912, 256, 4096, 4096, 1024, 66, 16128, 3840, 512, 0, 0, 0, 0, 0, 0, 0, 0, 0, 0, 0, 0, 0, 0, 0, 0, 81, 968, 5120, 17991, 0, 17348, 81, 0, 31, 9, 6, 19, 2, 16, 2, 255, 27, 1, 16]
2999-12-31 00:19:48,614 INFO StartingRegister: 32768 NumberOfRegister: 100 SlaveID: 81
2999-12-31 00:19:48,614 INFO StatusOn: True
2999-12-31 00:19:48,614 INFO [5120, 17991, 0, 17348, 81, 0, 46, 9, 6, 19, 2, 16, 2, 255, 27, 1, 16, 16, 4, 0, 16959, 15, 2, 0, 0, 0, 0, 0, 0, 0, 0, 0, 0, 0, 0, 0, 0, 0, 0, 0, 20739, 51220, 70, 18176, 67, 50176, 20736, 0, 11776, 2304, 1536, 4864, 512, 4096, 512, 65280, 6912, 256, 4096, 4096, 1024, 66, 16128, 3840, 512, 0, 0, 0, 0, 0, 0, 0, 0, 0, 0, 0, 0, 0, 0, 0, 0, 81, 968, 5120, 17991, 0, 17348, 81, 0, 46, 9, 6, 19, 2, 16, 2, 255, 27, 1, 16]
2999-12-31 00:19:59,396 INFO StartingRegister: 32768 NumberOfRegister: 100 SlaveID: 81
2999-12-31 00:19:59,396 INFO StatusOn: True
2999-12-31 00:19:59,396 INFO [5120, 17991, 0, 17348, 81, 0, 57, 9, 6, 19, 2, 16, 2, 255, 27, 1, 16, 16, 4, 0, 16959, 15, 2, 0, 0, 0, 0, 0, 0, 0, 0, 0, 0, 0, 0, 0, 0, 0, 0, 0, 20739, 51220, 70, 18176, 67, 50176, 20736, 0, 14592, 2304, 1536, 4864, 512, 4096, 512, 65280, 6912, 256, 4096, 4096, 1024, 66, 16128, 3840, 512, 0, 0, 0, 0, 0, 0, 0, 0, 0, 0, 0, 0, 0, 0, 0, 0, 81, 968, 5120, 17991, 0, 17348, 81, 0, 57, 9, 6, 19, 2, 16, 2, 255, 27, 1, 16]
2999-12-31 00:20:15,349 INFO StartingRegister: 32768 NumberOfRegister: 100 SlaveID: 81
2999-12-31 00:20:15,349 INFO StatusOn: True
2999-12-31 00:20:15,349 INFO [5120, 17991, 0, 17348, 81, 0, 13, 10, 6, 19, 2, 16, 2, 255, 27, 1, 16, 16, 4, 0, 16959, 15, 2, 0, 0, 0, 0, 0, 0, 0, 0, 0, 0, 0, 0, 0, 0, 0, 0, 0, 20739, 51220, 70, 18176, 67, 50176, 20736, 0, 3328, 2560, 1536, 4864, 512, 4096, 512, 65280, 6912, 256, 4096, 4096, 1024, 66, 16128, 3840, 512, 0, 0, 0, 0, 0, 0, 0, 0, 0, 0, 0, 0, 0, 0, 0, 0, 81, 968, 5120, 17991, 0, 17348, 81, 0, 13, 10, 6, 19, 2, 16, 2, 255, 27, 1, 16]
2999-12-31 00:24:10,492 INFO StartingRegister: 32768 NumberOfRegister: 100 SlaveID: 81
2999-12-31 00:24:10,492 INFO StatusOn: False
2999-12-31 00:24:10,492 INFO [5120, 17991, 0, 17348, 81, 0, 8, 14, 6, 19, 2, 16, 2, 255, 27, 1, 16, 16, 4, 0, 16959, 15, 2, 0, 0, 0, 0, 0, 0, 0, 0, 0, 0, 0, 0, 0, 0, 0, 0, 0, 20739, 51220, 70, 18176, 67, 50176, 20736, 0, 2048, 3584, 1536, 4864, 512, 4096, 512, 65280, 6912, 256, 4096, 4096, 1024, 66, 16128, 3840, 512, 0, 0, 0, 0, 0, 0, 0, 0, 0, 0, 0, 0, 0, 0, 0, 0, 81, 968, 5120, 17991, 0, 17348, 81, 0, 8, 14, 6, 19, 2, 16, 2, 255, 27, 1, 16]
2999-12-31 00:24:16,085 INFO StartingRegister: 32768 NumberOfRegister: 100 SlaveID: 81
2999-12-31 00:24:16,085 INFO StatusOn: False
2999-12-31 00:24:16,085 INFO [5120, 17991, 0, 17348, 81, 0, 13, 14, 6, 19, 2, 16, 2, 255, 27, 1, 16, 16, 4, 0, 16959, 15, 2, 0, 0, 0, 0, 0, 0, 0, 0, 0, 0, 0, 0, 0, 0, 0, 0, 0, 20739, 51220, 70, 18176, 67, 50176, 20736, 0, 3328, 3584, 1536, 4864, 512, 4096, 512, 65280, 6912, 256, 4096, 4096, 1024, 66, 16128, 3840, 512, 0, 0, 0, 0, 0, 0, 0, 0, 0, 0, 0, 0, 0, 0, 0, 0, 81, 968, 5120, 17991, 0, 17348, 81, 0, 13, 14, 6, 19, 2, 16, 2, 255, 27, 1, 16]
2999-12-31 00:24:39,711 INFO StartingRegister: 32768 NumberOfRegister: 100 SlaveID: 81
2999-12-31 00:24:39,711 INFO StatusOn: True
2999-12-31 00:24:39,711 INFO [5120, 17991, 0, 17348, 81, 0, 37, 14, 6, 19, 2, 16, 2, 255, 27, 1, 16, 16, 4, 0, 16959, 15, 2, 0, 0, 0, 0, 0, 0, 0, 0, 0, 0, 0, 0, 0, 0, 0, 0, 0, 20739, 51220, 70, 18176, 67, 50176, 20736, 0, 9472, 3584, 1536, 4864, 512, 4096, 512, 65280, 6912, 256, 4096, 4096, 1024, 66, 16128, 3840, 512, 0, 0, 0, 0, 0, 0, 0, 0, 0, 0, 0, 0, 0, 0, 0, 0, 81, 968, 5120, 17991, 0, 17348, 81, 0, 37, 14, 6, 19, 2, 16, 2, 255, 27, 1, 16]
2999-12-31 00:25:24,867 INFO StartingRegister: 32768 NumberOfRegister: 100 SlaveID: 81
2999-12-31 00:25:24,867 INFO StatusOn: True
2999-12-31 00:25:24,867 INFO [5120, 17991, 0, 17348, 81, 0, 22, 15, 6, 19, 2, 16, 2, 255, 27, 1, 16, 16, 4, 0, 16959, 15, 2, 0, 0, 0, 0, 0, 0, 0, 0, 0, 0, 0, 0, 0, 0, 0, 0, 0, 20739, 51220, 70, 18176, 67, 50176, 20736, 0, 5632, 3840, 1536, 4864, 512, 4096, 512, 65280, 6912, 256, 4096, 4096, 1024, 66, 16128, 3840, 512, 0, 0, 0, 0, 0, 0, 0, 0, 0, 0, 0, 0, 0, 0, 0, 0, 81, 968, 5120, 17991, 0, 17348, 81, 0, 22, 15, 6, 19, 2, 16, 2, 255, 27, 1, 16]
2999-12-31 00:26:02,962 INFO StartingRegister: 32768 NumberOfRegister: 100 SlaveID: 81
2999-12-31 00:26:02,962 INFO StatusOn: True
2999-12-31 00:26:02,962 INFO [5120, 17991, 0, 17348, 81, 0, 0, 16, 6, 19, 2, 16, 2, 255, 27, 1, 16, 16, 4, 0, 16959, 15, 2, 0, 0, 0, 0, 0, 0, 0, 0, 0, 0, 0, 0, 0, 0, 0, 0, 0, 20739, 51220, 70, 18176, 67, 50176, 20736, 0, 0, 4096, 1536, 4864, 512, 4096, 512, 65280, 6912, 256, 4096, 4096, 1024, 66, 16128, 3840, 512, 0, 0, 0, 0, 0, 0, 0, 0, 0, 0, 0, 0, 0, 0, 0, 0, 81, 968, 5120, 17991, 0, 17348, 81, 0, 0, 16, 6, 19, 2, 16, 2, 255, 27, 1, 16]
2999-12-31 00:26:40,587 INFO StartingRegister: 32768 NumberOfRegister: 100 SlaveID: 81
2999-12-31 00:26:40,587 INFO StatusOn: True
2999-12-31 00:26:40,587 INFO [5120, 17991, 0, 17348, 81, 0, 38, 16, 6, 19, 2, 16, 2, 255, 27, 1, 16, 16, 4, 0, 16959, 15, 2, 0, 0, 0, 0, 0, 0, 0, 0, 0, 0, 0, 0, 0, 0, 0, 0, 0, 20739, 51220, 70, 18176, 67, 50176, 20736, 0, 9728, 4096, 1536, 4864, 512, 4096, 512, 65280, 6912, 256, 4096, 4096, 1024, 66, 16128, 3840, 512, 0, 0, 0, 0, 0, 0, 0, 0, 0, 0, 0, 0, 0, 0, 0, 0, 81, 968, 5120, 17991, 0, 17348, 81, 0, 38, 16, 6, 19, 2, 16, 2, 255, 27, 1, 16]
2999-12-31 00:27:25,478 INFO StartingRegister: 32768 NumberOfRegister: 100 SlaveID: 81
2999-12-31 00:27:25,478 INFO StatusOn: True
2999-12-31 00:27:25,478 INFO [5120, 17991, 32768, 17348, 81, 0, 23, 17, 6, 19, 2, 16, 2, 255, 27, 1, 16, 16, 4, 0, 16959, 15, 2, 0, 0, 0, 0, 0, 0, 0, 0, 0, 0, 0, 0, 0, 0, 0, 0, 0, 20739, 51220, 70, 18304, 67, 50176, 20736, 0, 5888, 4352, 1536, 4864, 512, 4096, 512, 65280, 6912, 256, 4096, 4096, 1024, 66, 16128, 3840, 512, 0, 0, 0, 0, 0, 0, 0, 0, 0, 0, 0, 0, 0, 0, 0, 0, 81, 968, 5120, 17991, 32768, 17348, 81, 0, 23, 17, 6, 19, 2, 16, 2, 255, 27, 1, 16]
2999-12-31 00:28:06,151 INFO StartingRegister: 32768 NumberOfRegister: 100 SlaveID: 81
2999-12-31 00:28:06,151 INFO StatusOn: True
2999-12-31 00:28:06,151 INFO [5120, 17991, 32768, 17348, 81, 0, 3, 18, 6, 19, 2, 16, 2, 255, 27, 1, 16, 16, 4, 0, 16959, 15, 2, 0, 0, 0, 0, 0, 0, 0, 0, 0, 0, 0, 0, 0, 0, 0, 0, 0, 20739, 51220, 70, 18304, 67, 50176, 20736, 0, 768, 4608, 1536, 4864, 512, 4096, 512, 65280, 6912, 256, 4096, 4096, 1024, 66, 16128, 3840, 512, 0, 0, 0, 0, 0, 0, 0, 0, 0, 0, 0, 0, 0, 0, 0, 0, 81, 968, 5120, 17991, 32768, 17348, 81, 0, 3, 18, 6, 19, 2, 16, 2, 255, 27, 1, 16]
2999-12-31 00:29:17,089 INFO StartingRegister: 32768 NumberOfRegister: 100 SlaveID: 81
2999-12-31 00:29:17,089 INFO StatusOn: True
2999-12-31 00:29:17,089 INFO [5120, 17991, 32768, 17348, 81, 0, 14, 19, 6, 19, 2, 16, 2, 255, 27, 1, 16, 16, 4, 0, 16959, 15, 2, 0, 0, 0, 0, 0, 0, 0, 0, 0, 0, 0, 0, 0, 0, 0, 0, 0, 20739, 51220, 70, 18304, 67, 50176, 20736, 0, 3584, 4864, 1536, 4864, 512, 4096, 512, 65280, 6912, 256, 4096, 4096, 1024, 66, 16128, 3840, 512, 0, 0, 0, 0, 0, 0, 0, 0, 0, 0, 0, 0, 0, 0, 0, 0, 81, 968, 5120, 17991, 32768, 17348, 81, 0, 14, 19, 6, 19, 2, 16, 2, 255, 27, 1, 16]
2999-12-31 00:31:11,294 INFO StartingRegister: 32768 NumberOfRegister: 100 SlaveID: 81
2999-12-31 00:31:11,294 INFO StatusOn: True
2999-12-31 00:31:11,294 INFO [5120, 17991, 32768, 17348, 81, 0, 9, 21, 6, 19, 2, 16, 2, 255, 27, 1, 16, 16, 4, 0, 16959, 15, 2, 0, 0, 0, 0, 0, 0, 0, 0, 0, 0, 0, 0, 0, 0, 0, 0, 0, 20739, 51220, 70, 18304, 67, 50176, 20736, 0, 2304, 5376, 1536, 4864, 512, 4096, 512, 65280, 6912, 256, 4096, 4096, 1024, 66, 16128, 3840, 512, 0, 0, 0, 0, 0, 0, 0, 0, 0, 0, 0, 0, 0, 0, 0, 0, 81, 968, 5120, 17991, 32768, 17348, 81, 0, 9, 21, 6, 19, 2, 16, 2, 255, 27, 1, 16]
2999-12-31 00:32:18,794 INFO StartingRegister: 32768 NumberOfRegister: 100 SlaveID: 81
2999-12-31 00:32:18,794 INFO StatusOn: True
2999-12-31 00:32:18,794 INFO [5120, 17991, 0, 17349, 81, 0, 16, 22, 6, 19, 2, 16, 2, 255, 27, 1, 16, 16, 4, 0, 16959, 15, 2, 0, 0, 0, 0, 0, 0, 0, 0, 0, 0, 0, 0, 0, 0, 0, 0, 0, 20739, 51220, 70, 18176, 67, 50432, 20736, 0, 4096, 5632, 1536, 4864, 512, 4096, 512, 65280, 6912, 256, 4096, 4096, 1024, 66, 16128, 3840, 512, 0, 0, 0, 0, 0, 0, 0, 0, 0, 0, 0, 0, 0, 0, 0, 0, 81, 968, 5120, 17991, 0, 17349, 81, 0, 16, 22, 6, 19, 2, 16, 2, 255, 27, 1, 16]
2999-12-31 00:33:19,295 INFO StartingRegister: 32768 NumberOfRegister: 100 SlaveID: 81
2999-12-31 00:33:19,295 INFO StatusOn: True
2999-12-31 00:33:19,295 INFO [5120, 17991, 0, 17349, 81, 0, 17, 23, 6, 19, 2, 16, 2, 255, 27, 1, 16, 16, 4, 0, 16959, 15, 2, 0, 0, 0, 0, 0, 0, 0, 0, 0, 0, 0, 0, 0, 0, 0, 0, 0, 20739, 51220, 70, 18176, 67, 50432, 20736, 0, 4352, 5888, 1536, 4864, 512, 4096, 512, 65280, 6912, 256, 4096, 4096, 1024, 66, 16128, 3840, 512, 0, 0, 0, 0, 0, 0, 0, 0, 0, 0, 0, 0, 0, 0, 0, 0, 81, 968, 5120, 17991, 0, 17349, 81, 0, 17, 23, 6, 19, 2, 16, 2, 255, 27, 1, 16]
2999-12-31 00:34:47,968 INFO StartingRegister: 32768 NumberOfRegister: 100 SlaveID: 81
2999-12-31 00:34:47,968 INFO StatusOn: True
2999-12-31 00:34:47,968 INFO [5120, 17991, 0, 17349, 81, 0, 45, 24, 6, 19, 2, 16, 2, 255, 27, 1, 16, 16, 4, 0, 16959, 15, 2, 0, 0, 0, 0, 0, 0, 0, 0, 0, 0, 0, 0, 0, 0, 0, 0, 0, 20739, 51220, 70, 18176, 67, 50432, 20736, 0, 11520, 6144, 1536, 4864, 512, 4096, 512, 65280, 6912, 256, 4096, 4096, 1024, 66, 16128, 3840, 512, 0, 0, 0, 0, 0, 0, 0, 0, 0, 0, 0, 0, 0, 0, 0, 0, 81, 968, 5120, 17991, 0, 17349, 81, 0, 45, 24, 6, 19, 2, 16, 2, 255, 27, 1, 16]
2999-12-31 00:35:58,672 INFO StartingRegister: 32768 NumberOfRegister: 100 SlaveID: 81
2999-12-31 00:35:58,672 INFO StatusOn: True
2999-12-31 00:35:58,672 INFO [5120, 17991, 0, 17349, 81, 0, 56, 25, 6, 19, 2, 16, 2, 255, 27, 1, 16, 16, 4, 0, 16959, 15, 2, 0, 0, 0, 0, 0, 0, 0, 0, 0, 0, 0, 0, 0, 0, 0, 0, 0, 20739, 51220, 70, 18176, 67, 50432, 20736, 0, 14336, 6400, 1536, 4864, 512, 4096, 512, 65280, 6912, 256, 4096, 4096, 1024, 66, 16128, 3840, 512, 0, 0, 0, 0, 0, 0, 0, 0, 0, 0, 0, 0, 0, 0, 0, 0, 81, 968, 5120, 17991, 0, 17349, 81, 0, 56, 25, 6, 19, 2, 16, 2, 255, 27, 1, 16]
2999-12-31 00:37:58,939 INFO StartingRegister: 32768 NumberOfRegister: 100 SlaveID: 81
2999-12-31 00:37:58,939 INFO StatusOn: True
2999-12-31 00:37:58,939 INFO [5120, 17991, 32768, 17349, 81, 0, 56, 27, 6, 19, 2, 16, 2, 255, 27, 1, 16, 16, 4, 0, 16959, 15, 2, 0, 0, 0, 0, 0, 0, 0, 0, 0, 0, 0, 0, 0, 0, 0, 0, 0, 20739, 51220, 70, 18304, 67, 50432, 20736, 0, 14336, 6912, 1536, 4864, 512, 4096, 512, 65280, 6912, 256, 4096, 4096, 1024, 66, 16128, 3840, 512, 0, 0, 0, 0, 0, 0, 0, 0, 0, 0, 0, 0, 0, 0, 0, 0, 81, 968, 5120, 17991, 32768, 17349, 81, 0, 56, 27, 6, 19, 2, 16, 2, 255, 27, 1, 16]
2999-12-31 00:38:15,721 INFO StartingRegister: 32768 NumberOfRegister: 100 SlaveID: 81
2999-12-31 00:38:15,721 INFO StatusOn: True
2999-12-31 00:38:15,721 INFO [5120, 17991, 32768, 17349, 81, 0, 13, 28, 6, 19, 2, 16, 2, 255, 27, 1, 16, 16, 4, 0, 16959, 15, 2, 0, 0, 0, 0, 0, 0, 0, 0, 0, 0, 0, 0, 0, 0, 0, 0, 0, 20739, 51220, 70, 18304, 67, 50432, 20736, 0, 3328, 7168, 1536, 4864, 512, 4096, 512, 65280, 6912, 256, 4096, 4096, 1024, 66, 16128, 3840, 512, 0, 0, 0, 0, 0, 0, 0, 0, 0, 0, 0, 0, 0, 0, 0, 0, 81, 968, 5120, 17991, 32768, 17349, 81, 0, 13, 28, 6, 19, 2, 16, 2, 255, 27, 1, 16]
2999-12-31 00:39:24,450 INFO StartingRegister: 32768 NumberOfRegister: 100 SlaveID: 81
2999-12-31 00:39:24,450 INFO StatusOn: False
2999-12-31 00:39:24,450 INFO [5120, 17991, 32768, 17349, 81, 0, 22, 29, 6, 19, 2, 16, 2, 255, 27, 1, 16, 16, 4, 0, 16959, 15, 2, 0, 0, 0, 0, 0, 0, 0, 0, 0, 0, 0, 0, 0, 0, 0, 0, 0, 20739, 51220, 70, 18304, 67, 50432, 20736, 0, 5632, 7424, 1536, 4864, 512, 4096, 512, 65280, 6912, 256, 4096, 4096, 1024, 66, 16128, 3840, 512, 0, 0, 0, 0, 0, 0, 0, 0, 0, 0, 0, 0, 0, 0, 0, 0, 81, 968, 5120, 17991, 32768, 17349, 81, 0, 22, 29, 6, 19, 2, 16, 2, 255, 27, 1, 16]
2999-12-31 00:40:12,513 INFO StartingRegister: 32768 NumberOfRegister: 100 SlaveID: 81
2999-12-31 00:40:12,513 INFO StatusOn: False
2999-12-31 00:40:12,513 INFO [5120, 17991, 32768, 17349, 81, 0, 10, 30, 6, 19, 2, 16, 2, 255, 27, 1, 16, 16, 4, 0, 16959, 15, 2, 0, 0, 0, 0, 0, 0, 0, 0, 0, 0, 0, 0, 0, 0, 0, 0, 0, 20739, 51220, 70, 18304, 67, 50432, 20736, 0, 2560, 7680, 1536, 4864, 512, 4096, 512, 65280, 6912, 256, 4096, 4096, 1024, 66, 16128, 3840, 512, 0, 0, 0, 0, 0, 0, 0, 0, 0, 0, 0, 0, 0, 0, 0, 0, 81, 968, 5120, 17991, 32768, 17349, 81, 0, 10, 30, 6, 19, 2, 16, 2, 255, 27, 1, 16]
2999-12-31 00:41:18,389 INFO StartingRegister: 32768 NumberOfRegister: 100 SlaveID: 81
2999-12-31 00:41:18,389 INFO StatusOn: False
2999-12-31 00:41:18,389 INFO [5120, 17991, 32768, 17349, 81, 0, 16, 31, 6, 19, 2, 16, 2, 255, 27, 1, 16, 16, 4, 0, 16959, 15, 2, 0, 0, 0, 0, 0, 0, 0, 0, 0, 0, 0, 0, 0, 0, 0, 0, 0, 20739, 51220, 70, 18304, 67, 50432, 20736, 0, 4096, 7936, 1536, 4864, 512, 4096, 512, 65280, 6912, 256, 4096, 4096, 1024, 66, 16128, 3840, 512, 0, 0, 0, 0, 0, 0, 0, 0, 0, 0, 0, 0, 0, 0, 0, 0, 81, 968, 5120, 17991, 32768, 17349, 81, 0, 16, 31, 6, 19, 2, 16, 2, 255, 27, 1, 16]
2999-12-31 00:45:10,918 INFO StartingRegister: 32768 NumberOfRegister: 100 SlaveID: 81
2999-12-31 00:45:10,918 INFO StatusOn: True
2999-12-31 00:45:10,918 INFO [5120, 17991, 0, 17350, 81, 0, 8, 35, 6, 19, 2, 16, 2, 255, 27, 1, 16, 16, 4, 0, 16959, 15, 2, 0, 0, 0, 0, 0, 0, 0, 0, 0, 0, 0, 0, 0, 0, 0, 0, 0, 20739, 51220, 70, 18176, 67, 50688, 20736, 0, 2048, 8960, 1536, 4864, 512, 4096, 512, 65280, 6912, 256, 4096, 4096, 1024, 66, 16128, 3840, 512, 0, 0, 0, 0, 0, 0, 0, 0, 0, 0, 0, 0, 0, 0, 0, 0, 81, 968, 5120, 17991, 0, 17350, 81, 0, 8, 35, 6, 19, 2, 16, 2, 255, 27, 1, 16]
2999-12-31 00:45:41,871 INFO StartingRegister: 32768 NumberOfRegister: 100 SlaveID: 81
2999-12-31 00:45:41,871 INFO StatusOn: False
2999-12-31 00:45:41,871 INFO [5120, 17991, 0, 17350, 81, 0, 39, 35, 6, 19, 2, 16, 2, 255, 27, 1, 16, 16, 4, 0, 16959, 15, 2, 0, 0, 0, 0, 0, 0, 0, 0, 0, 0, 0, 0, 0, 0, 0, 0, 0, 20739, 51220, 70, 18176, 67, 50688, 20736, 0, 9984, 8960, 1536, 4864, 512, 4096, 512, 65280, 6912, 256, 4096, 4096, 1024, 66, 16128, 3840, 512, 0, 0, 0, 0, 0, 0, 0, 0, 0, 0, 0, 0, 0, 0, 0, 0, 81, 968, 5120, 17991, 0, 17350, 81, 0, 39, 35, 6, 19, 2, 16, 2, 255, 27, 1, 16]
